::1 - - [14/Feb/2024:19:55:55 +0300] "GET /index.php HTTP/1.1" 200 74345
::1 - - [14/Feb/2024:19:56:55 +0300] "-" 408 -
::1 - - [16/Feb/2024:13:53:12 +0300] "GET /index.html HTTP/1.1" 200 411
::1 - - [16/Feb/2024:13:53:49 +0300] "POST /display.php HTTP/1.1" 200 -
::1 - - [16/Feb/2024:13:54:49 +0300] "-" 408 -
::1 - - [16/Feb/2024:13:54:54 +0300] "POST /display.php HTTP/1.1" 200 -
::1 - - [16/Feb/2024:13:55:54 +0300] "-" 408 -
::1 - - [16/Feb/2024:13:56:55 +0300] "GET /index.php HTTP/1.1" 200 74297
::1 - - [16/Feb/2024:13:57:55 +0300] "-" 408 -
::1 - - [16/Feb/2024:13:58:06 +0300] "GET / HTTP/1.1" 200 411
::1 - - [16/Feb/2024:13:58:14 +0300] "POST /display.php HTTP/1.1" 200 -
::1 - - [16/Feb/2024:13:59:14 +0300] "-" 408 -
::1 - - [16/Feb/2024:13:59:49 +0300] "POST /display.php HTTP/1.1" 200 -
::1 - - [16/Feb/2024:14:02:45 +0300] "GET /index.html HTTP/1.1" 200 411
::1 - - [16/Feb/2024:14:02:56 +0300] "POST /display.php HTTP/1.1" 200 -
::1 - - [16/Feb/2024:14:04:36 +0300] "GET /index.php HTTP/1.1" 200 74252
::1 - - [16/Feb/2024:14:04:36 +0300] "GET /favicon.ico HTTP/1.1" 404 196
::1 - - [16/Feb/2024:14:10:04 +0300] "GET /index.html HTTP/1.1" 200 411
::1 - - [16/Feb/2024:14:10:07 +0300] "POST /display.php HTTP/1.1" 200 40
::1 - - [16/Feb/2024:14:10:43 +0300] "GET /index.html HTTP/1.1" 200 411
::1 - - [16/Feb/2024:14:10:48 +0300] "POST /display.php HTTP/1.1" 200 40
::1 - - [16/Feb/2024:14:11:23 +0300] "POST /display.php HTTP/1.1" 200 29
::1 - - [16/Feb/2024:14:12:23 +0300] "-" 408 -
::1 - - [16/Feb/2024:14:33:51 +0300] "GET /index.html HTTP/1.1" 304 -
::1 - - [16/Feb/2024:14:33:56 +0300] "POST /display.php HTTP/1.1" 200 81
::1 - - [16/Feb/2024:14:34:29 +0300] "POST /display.php HTTP/1.1" 200 81
::1 - - [16/Feb/2024:14:34:38 +0300] "POST /display.php HTTP/1.1" 200 81
::1 - - [16/Feb/2024:14:34:52 +0300] "POST /display.php HTTP/1.1" 200 41
::1 - - [16/Feb/2024:14:35:52 +0300] "-" 408 -
::1 - - [16/Feb/2024:14:53:09 +0300] "POST /display.php HTTP/1.1" 200 209
::1 - - [16/Feb/2024:14:54:09 +0300] "-" 408 -
::1 - - [16/Feb/2024:14:55:44 +0300] "POST /display.php HTTP/1.1" 200 41
::1 - - [16/Feb/2024:14:56:44 +0300] "-" 408 -
::1 - - [16/Feb/2024:15:21:40 +0300] "POST /display.php HTTP/1.1" 200 41
::1 - - [16/Feb/2024:15:22:04 +0300] "GET /index.html HTTP/1.1" 200 678
::1 - - [16/Feb/2024:15:23:04 +0300] "-" 408 -
::1 - - [16/Feb/2024:15:29:22 +0300] "GET /index.html HTTP/1.1" 200 890
::1 - - [16/Feb/2024:15:30:22 +0300] "-" 408 -
::1 - - [16/Feb/2024:15:32:49 +0300] "GET /index.html HTTP/1.1" 200 950
::1 - - [16/Feb/2024:15:33:31 +0300] "GET /index.html HTTP/1.1" 200 1002
::1 - - [16/Feb/2024:15:34:31 +0300] "-" 408 -
::1 - - [16/Feb/2024:15:35:50 +0300] "GET /index.html HTTP/1.1" 200 1133
::1 - - [16/Feb/2024:15:36:50 +0300] "-" 408 -
::1 - - [16/Feb/2024:15:39:15 +0300] "GET /index.html HTTP/1.1" 200 1166
::1 - - [16/Feb/2024:15:39:17 +0300] "GET /index.html HTTP/1.1" 304 -
::1 - - [16/Feb/2024:15:39:50 +0300] "POST /display.php HTTP/1.1" 200 170
::1 - - [16/Feb/2024:15:40:44 +0300] "GET /index.html HTTP/1.1" 200 1224
::1 - - [16/Feb/2024:15:40:50 +0300] "POST /display.php HTTP/1.1" 200 170
::1 - - [16/Feb/2024:15:41:50 +0300] "-" 408 -
::1 - - [16/Feb/2024:15:42:21 +0300] "GET /index.html HTTP/1.1" 200 1222
::1 - - [16/Feb/2024:15:43:21 +0300] "-" 408 -
::1 - - [16/Feb/2024:15:43:23 +0300] "GET /index.html HTTP/1.1" 200 1205
::1 - - [16/Feb/2024:15:43:52 +0300] "GET /index.html HTTP/1.1" 200 1230
::1 - - [16/Feb/2024:15:43:55 +0300] "POST /display.php HTTP/1.1" 200 170
::1 - - [16/Feb/2024:15:44:12 +0300] "POST /display.php HTTP/1.1" 200 25
::1 - - [16/Feb/2024:15:45:10 +0300] "-" 408 -
::1 - - [16/Feb/2024:15:47:39 +0300] "GET /index.html HTTP/1.1" 200 1213
::1 - - [16/Feb/2024:15:48:44 +0300] "GET /index.html HTTP/1.1" 200 1265
::1 - - [16/Feb/2024:15:49:17 +0300] "GET /index.html HTTP/1.1" 200 683
::1 - - [16/Feb/2024:15:49:20 +0300] "POST /display.php HTTP/1.1" 200 29
::1 - - [16/Feb/2024:15:50:17 +0300] "-" 408 -
::1 - - [16/Feb/2024:15:50:45 +0300] "GET /index.html HTTP/1.1" 200 946
::1 - - [16/Feb/2024:15:50:59 +0300] "POST /display.php HTTP/1.1" 200 25
::1 - - [16/Feb/2024:15:51:59 +0300] "-" 408 -
::1 - - [16/Feb/2024:15:52:21 +0300] "GET /index.html HTTP/1.1" 200 979
::1 - - [16/Feb/2024:15:52:24 +0300] "GET /index.html HTTP/1.1" 304 -
::1 - - [16/Feb/2024:15:52:31 +0300] "POST /display.php HTTP/1.1" 200 25
::1 - - [16/Feb/2024:15:52:39 +0300] "POST /display.php HTTP/1.1" 200 47
::1 - - [16/Feb/2024:15:53:39 +0300] "-" 408 -
::1 - - [16/Feb/2024:15:53:58 +0300] "GET /index.html HTTP/1.1" 304 -
::1 - - [16/Feb/2024:15:54:12 +0300] "POST /display.php HTTP/1.1" 200 25
::1 - - [16/Feb/2024:15:55:12 +0300] "-" 408 -
::1 - - [16/Feb/2024:15:55:21 +0300] "GET /index.html HTTP/1.1" 200 1034
::1 - - [16/Feb/2024:15:56:19 +0300] "-" 408 -
::1 - - [16/Feb/2024:15:57:26 +0300] "GET /index.html HTTP/1.1" 200 889
::1 - - [16/Feb/2024:15:58:33 +0300] "GET /index.html HTTP/1.1" 200 411
::1 - - [16/Feb/2024:15:58:36 +0300] "POST /display.php HTTP/1.1" 200 29
::1 - - [16/Feb/2024:15:59:33 +0300] "-" 408 -
::1 - - [16/Feb/2024:16:04:01 +0300] "GET /index.html HTTP/1.1" 200 612
::1 - - [16/Feb/2024:16:04:16 +0300] "POST /display.php HTTP/1.1" 200 25
::1 - - [16/Feb/2024:16:05:16 +0300] "-" 408 -
::1 - - [16/Feb/2024:16:06:59 +0300] "GET /index.html HTTP/1.1" 200 597
::1 - - [16/Feb/2024:16:07:06 +0300] "POST /display.php HTTP/1.1" 200 25
::1 - - [16/Feb/2024:16:07:21 +0300] "POST /display.php HTTP/1.1" 200 47
::1 - - [16/Feb/2024:16:08:21 +0300] "-" 408 -
::1 - - [16/Feb/2024:16:12:09 +0300] "GET /index.html HTTP/1.1" 200 572
::1 - - [16/Feb/2024:16:12:15 +0300] "POST /display.php HTTP/1.1" 200 27
::1 - - [16/Feb/2024:16:13:15 +0300] "-" 408 -
::1 - - [16/Feb/2024:16:13:17 +0300] "GET /index.html HTTP/1.1" 200 784
::1 - - [16/Feb/2024:16:13:27 +0300] "POST /display.php HTTP/1.1" 200 47
::1 - - [16/Feb/2024:16:13:52 +0300] "GET /index.html HTTP/1.1" 200 838
::1 - - [16/Feb/2024:16:13:57 +0300] "POST /display.php HTTP/1.1" 200 33
::1 - - [16/Feb/2024:16:14:46 +0300] "-" 408 -
::1 - - [16/Feb/2024:16:16:31 +0300] "GET /index.html HTTP/1.1" 200 921
::1 - - [16/Feb/2024:16:16:39 +0300] "POST /display.php HTTP/1.1" 200 27
::1 - - [16/Feb/2024:16:17:08 +0300] "GET /index.html HTTP/1.1" 200 873
::1 - - [16/Feb/2024:16:18:06 +0300] "-" 408 -
::1 - - [16/Feb/2024:16:23:21 +0300] "GET /index.html HTTP/1.1" 200 876
::1 - - [16/Feb/2024:16:23:22 +0300] "GET /index.html HTTP/1.1" 304 -
::1 - - [16/Feb/2024:16:23:23 +0300] "GET /index.html HTTP/1.1" 304 -
::1 - - [16/Feb/2024:16:23:30 +0300] "POST /display.php HTTP/1.1" 200 33
::1 - - [16/Feb/2024:16:24:30 +0300] "-" 408 -
::1 - - [16/Feb/2024:19:13:55 +0300] "GET /index.html HTTP/1.1" 200 869
::1 - - [16/Feb/2024:19:13:59 +0300] "POST /display.php HTTP/1.1" 200 209
::1 - - [16/Feb/2024:19:14:55 +0300] "-" 408 -
::1 - - [16/Feb/2024:19:16:23 +0300] "GET /index.html HTTP/1.1" 304 -
::1 - - [16/Feb/2024:19:16:27 +0300] "POST /display.php HTTP/1.1" 200 209
::1 - - [16/Feb/2024:19:17:19 +0300] "-" 408 -
::1 - - [16/Feb/2024:19:17:45 +0300] "GET /index.html HTTP/1.1" 304 -
::1 - - [16/Feb/2024:19:17:48 +0300] "POST /display.php HTTP/1.1" 200 209
::1 - - [16/Feb/2024:19:18:44 +0300] "-" 408 -
::1 - - [16/Feb/2024:19:19:15 +0300] "GET /index.html HTTP/1.1" 304 -
::1 - - [16/Feb/2024:19:19:18 +0300] "POST /display.php HTTP/1.1" 200 160
::1 - - [16/Feb/2024:19:19:40 +0300] "GET /index.html HTTP/1.1" 304 -
::1 - - [16/Feb/2024:19:19:42 +0300] "POST /display.php HTTP/1.1" 200 31
::1 - - [16/Feb/2024:19:20:38 +0300] "-" 408 -
::1 - - [16/Feb/2024:19:20:46 +0300] "GET /index.html HTTP/1.1" 304 -
::1 - - [16/Feb/2024:19:20:51 +0300] "POST /display.php HTTP/1.1" 200 31
::1 - - [16/Feb/2024:19:21:18 +0300] "GET /index.html HTTP/1.1" 304 -
::1 - - [16/Feb/2024:19:21:21 +0300] "POST /display.php HTTP/1.1" 200 209
::1 - - [16/Feb/2024:19:22:16 +0300] "-" 408 -
::1 - - [16/Feb/2024:19:48:41 +0300] "-" 408 -
::1 - - [16/Feb/2024:19:48:41 +0300] "-" 408 -
::1 - - [18/Feb/2024:14:42:58 +0300] "GET /index.html HTTP/1.1" 304 -
::1 - - [18/Feb/2024:14:43:26 +0300] "GET /index.html HTTP/1.1" 200 869
::1 - - [18/Feb/2024:14:44:26 +0300] "-" 408 -
::1 - - [18/Feb/2024:14:44:40 +0300] "POST /display.php HTTP/1.1" 200 148
::1 - - [18/Feb/2024:14:44:52 +0300] "POST /display.php HTTP/1.1" 200 148
::1 - - [18/Feb/2024:14:45:34 +0300] "GET /index.html HTTP/1.1" 304 -
::1 - - [18/Feb/2024:14:45:37 +0300] "POST /display.php HTTP/1.1" 200 148
::1 - - [18/Feb/2024:14:45:58 +0300] "-" 408 -
::1 - - [18/Feb/2024:14:46:24 +0300] "POST /display.php HTTP/1.1" 200 148
::1 - - [18/Feb/2024:14:47:21 +0300] "-" 408 -
::1 - - [18/Feb/2024:14:47:21 +0300] "GET /index.html HTTP/1.1" 304 -
::1 - - [18/Feb/2024:14:47:25 +0300] "POST /display.php HTTP/1.1" 200 148
::1 - - [18/Feb/2024:14:48:21 +0300] "-" 408 -
::1 - - [18/Feb/2024:14:48:54 +0300] "POST /display.php HTTP/1.1" 200 140
::1 - - [18/Feb/2024:14:49:52 +0300] "-" 408 -
::1 - - [18/Feb/2024:14:53:02 +0300] "POST /display.php HTTP/1.1" 200 140
::1 - - [18/Feb/2024:14:53:19 +0300] "POST /display.php HTTP/1.1" 200 148
::1 - - [18/Feb/2024:14:53:28 +0300] "POST /display.php HTTP/1.1" 200 372
::1 - - [18/Feb/2024:14:54:23 +0300] "GET /index.html HTTP/1.1" 304 -
::1 - - [18/Feb/2024:14:54:26 +0300] "POST /display.php HTTP/1.1" 200 209
::1 - - [18/Feb/2024:14:55:23 +0300] "-" 408 -
::1 - - [18/Feb/2024:14:59:07 +0300] "GET /index.html HTTP/1.1" 304 -
::1 - - [18/Feb/2024:14:59:12 +0300] "POST /display.php HTTP/1.1" 200 169
::1 - - [18/Feb/2024:15:00:04 +0300] "-" 408 -
::1 - - [18/Feb/2024:15:01:36 +0300] "GET /index.html HTTP/1.1" 304 -
::1 - - [18/Feb/2024:15:01:39 +0300] "POST /display.php HTTP/1.1" 200 481
::1 - - [18/Feb/2024:15:02:31 +0300] "-" 408 -
::1 - - [18/Feb/2024:15:03:04 +0300] "GET /index.html HTTP/1.1" 304 -
::1 - - [18/Feb/2024:15:03:07 +0300] "POST /display.php HTTP/1.1" 200 463
::1 - - [18/Feb/2024:15:03:36 +0300] "GET /index.html HTTP/1.1" 304 -
::1 - - [18/Feb/2024:15:03:40 +0300] "POST /display.php HTTP/1.1" 200 484
::1 - - [18/Feb/2024:15:04:13 +0300] "-" 408 -
::1 - - [18/Feb/2024:15:06:05 +0300] "GET /index.html HTTP/1.1" 304 -
::1 - - [18/Feb/2024:15:06:14 +0300] "POST /display.php HTTP/1.1" 200 484
::1 - - [18/Feb/2024:15:06:42 +0300] "GET /index.html HTTP/1.1" 304 -
::1 - - [18/Feb/2024:15:06:44 +0300] "POST /display.php HTTP/1.1" 200 463
::1 - - [18/Feb/2024:15:07:06 +0300] "GET /index.html HTTP/1.1" 304 -
::1 - - [18/Feb/2024:15:07:09 +0300] "POST /display.php HTTP/1.1" 200 504
::1 - - [18/Feb/2024:15:08:06 +0300] "-" 408 -
::1 - - [18/Feb/2024:15:10:34 +0300] "POST /display.php HTTP/1.1" 200 533
::1 - - [18/Feb/2024:15:11:32 +0300] "-" 408 -
::1 - - [18/Feb/2024:15:12:02 +0300] "GET /index.html HTTP/1.1" 304 -
::1 - - [18/Feb/2024:15:12:07 +0300] "POST /display.php HTTP/1.1" 200 513
::1 - - [18/Feb/2024:15:12:36 +0300] "GET /index.html HTTP/1.1" 304 -
::1 - - [18/Feb/2024:15:12:39 +0300] "POST /display.php HTTP/1.1" 200 484
::1 - - [18/Feb/2024:15:13:34 +0300] "-" 408 -
::1 - - [18/Feb/2024:15:14:45 +0300] "POST /display.php HTTP/1.1" 200 949
::1 - - [18/Feb/2024:15:15:31 +0300] "GET /index.html HTTP/1.1" 304 -
::1 - - [18/Feb/2024:15:15:34 +0300] "POST /display.php HTTP/1.1" 200 408
::1 - - [18/Feb/2024:15:16:30 +0300] "-" 408 -
::1 - - [18/Feb/2024:15:16:58 +0300] "GET /index.html HTTP/1.1" 304 -
::1 - - [18/Feb/2024:15:17:01 +0300] "POST /display.php HTTP/1.1" 200 408
::1 - - [18/Feb/2024:15:17:55 +0300] "-" 408 -
::1 - - [18/Feb/2024:15:20:09 +0300] "GET /index.html HTTP/1.1" 304 -
::1 - - [18/Feb/2024:15:20:12 +0300] "POST /display.php HTTP/1.1" 200 359
::1 - - [18/Feb/2024:15:20:31 +0300] "POST /display.php HTTP/1.1" 200 359
::1 - - [18/Feb/2024:15:20:50 +0300] "GET /index.html HTTP/1.1" 304 -
::1 - - [18/Feb/2024:15:20:54 +0300] "POST /display.php HTTP/1.1" 200 194
::1 - - [18/Feb/2024:15:21:21 +0300] "POST /display.php HTTP/1.1" 200 196
::1 - - [18/Feb/2024:15:22:20 +0300] "-" 408 -
::1 - - [18/Feb/2024:15:23:56 +0300] "POST /display.php HTTP/1.1" 200 372
::1 - - [18/Feb/2024:15:24:52 +0300] "-" 408 -
::1 - - [18/Feb/2024:15:25:58 +0300] "POST /display.php HTTP/1.1" 200 524
::1 - - [18/Feb/2024:15:26:46 +0300] "POST /display.php HTTP/1.1" 200 372
::1 - - [18/Feb/2024:15:27:44 +0300] "-" 408 -
::1 - - [18/Feb/2024:15:28:05 +0300] "POST /display.php HTTP/1.1" 200 372
::1 - - [18/Feb/2024:15:29:02 +0300] "-" 408 -
::1 - - [18/Feb/2024:15:30:54 +0300] "POST /display.php HTTP/1.1" 200 370
::1 - - [18/Feb/2024:15:31:51 +0300] "-" 408 -
::1 - - [18/Feb/2024:15:38:43 +0300] "POST /display.php HTTP/1.1" 200 519
::1 - - [18/Feb/2024:15:39:42 +0300] "-" 408 -
::1 - - [18/Feb/2024:15:41:30 +0300] "POST /display.php HTTP/1.1" 200 519
::1 - - [18/Feb/2024:15:42:07 +0300] "POST /display.php HTTP/1.1" 200 519
::1 - - [18/Feb/2024:15:43:05 +0300] "-" 408 -
::1 - - [18/Feb/2024:15:43:38 +0300] "POST /display.php HTTP/1.1" 200 519
::1 - - [18/Feb/2024:15:44:23 +0300] "POST /display.php HTTP/1.1" 200 510
::1 - - [18/Feb/2024:15:45:04 +0300] "POST /display.php HTTP/1.1" 200 517
::1 - - [18/Feb/2024:15:45:28 +0300] "POST /display.php HTTP/1.1" 200 527
::1 - - [18/Feb/2024:15:46:04 +0300] "POST /display.php HTTP/1.1" 200 517
::1 - - [18/Feb/2024:15:46:28 +0300] "POST /display.php HTTP/1.1" 200 515
::1 - - [18/Feb/2024:15:47:27 +0300] "-" 408 -
::1 - - [18/Feb/2024:15:48:00 +0300] "POST /display.php HTTP/1.1" 200 515
::1 - - [18/Feb/2024:15:48:59 +0300] "-" 408 -
::1 - - [18/Feb/2024:15:50:29 +0300] "POST /display.php HTTP/1.1" 200 618
::1 - - [18/Feb/2024:15:51:07 +0300] "POST /display.php HTTP/1.1" 200 599
::1 - - [18/Feb/2024:15:51:41 +0300] "POST /display.php HTTP/1.1" 200 601
::1 - - [18/Feb/2024:15:52:40 +0300] "-" 408 -
::1 - - [18/Feb/2024:15:54:00 +0300] "POST /display.php HTTP/1.1" 200 601
::1 - - [18/Feb/2024:15:54:26 +0300] "-" 408 -
::1 - - [18/Feb/2024:15:56:31 +0300] "GET /index.html HTTP/1.1" 200 1185
::1 - - [18/Feb/2024:15:57:31 +0300] "-" 408 -
::1 - - [18/Feb/2024:16:04:36 +0300] "POST /display.php HTTP/1.1" 200 241
::1 - - [18/Feb/2024:16:05:25 +0300] "-" 408 -
::1 - - [18/Feb/2024:16:05:39 +0300] "POST /display.php HTTP/1.1" 200 241
::1 - - [18/Feb/2024:16:06:39 +0300] "-" 408 -
::1 - - [18/Feb/2024:16:06:42 +0300] "POST /display.php HTTP/1.1" 200 241
::1 - - [18/Feb/2024:16:07:39 +0300] "-" 408 -
::1 - - [18/Feb/2024:16:11:12 +0300] "POST /display.php HTTP/1.1" 200 355
::1 - - [18/Feb/2024:16:12:10 +0300] "-" 408 -
::1 - - [18/Feb/2024:16:12:34 +0300] "GET /index.html HTTP/1.1" 200 876
::1 - - [18/Feb/2024:16:12:38 +0300] "POST /display.php HTTP/1.1" 200 836
::1 - - [18/Feb/2024:16:13:34 +0300] "-" 408 -
::1 - - [18/Feb/2024:16:15:41 +0300] "GET /index.html HTTP/1.1" 200 1051
::1 - - [18/Feb/2024:16:15:54 +0300] "POST /display.php HTTP/1.1" 200 873
::1 - - [18/Feb/2024:16:16:44 +0300] "POST /display.php HTTP/1.1" 200 877
::1 - - [18/Feb/2024:16:17:40 +0300] "-" 408 -
::1 - - [18/Feb/2024:16:18:44 +0300] "POST /display.php HTTP/1.1" 200 217
::1 - - [18/Feb/2024:16:19:44 +0300] "-" 408 -
::1 - - [18/Feb/2024:16:20:00 +0300] "POST /display.php HTTP/1.1" 200 877
::1 - - [18/Feb/2024:16:21:00 +0300] "-" 408 -
::1 - - [18/Feb/2024:16:23:28 +0300] "POST /display.php HTTP/1.1" 200 1471
::1 - - [18/Feb/2024:16:23:58 +0300] "POST /display.php HTTP/1.1" 200 877
::1 - - [18/Feb/2024:16:24:58 +0300] "-" 408 -
